2024-12-03 11:50:26.428 UTC [1] LOG:  starting PostgreSQL 17.2 (Debian 17.2-1.pgdg120+1) on x86_64-pc-linux-gnu, compiled by gcc (Debian 12.2.0-14) 12.2.0, 64-bit
2024-12-03 11:50:26.428 UTC [1] LOG:  listening on IPv4 address "0.0.0.0", port 5432
2024-12-03 11:50:26.428 UTC [1] LOG:  listening on IPv6 address "::", port 5432
2024-12-03 11:50:26.434 UTC [1] LOG:  listening on Unix socket "/var/run/postgresql/.s.PGSQL.5432"
2024-12-03 11:50:26.454 UTC [31] LOG:  database system was shut down at 2024-12-03 11:50:23 UTC
2024-12-03 11:50:26.493 UTC [1] LOG:  database system is ready to accept connections
2024-12-03 11:56:53.778 UTC [1] LOG:  received fast shutdown request
2024-12-03 11:56:53.780 UTC [1] LOG:  aborting any active transactions
2024-12-03 11:56:53.785 UTC [1] LOG:  background worker "logical replication launcher" (PID 34) exited with exit code 1
2024-12-03 11:56:53.788 UTC [29] LOG:  shutting down
2024-12-03 11:56:53.845 UTC [1] LOG:  database system is shut down
2024-12-03 11:56:56.168 UTC [1] LOG:  starting PostgreSQL 17.2 (Debian 17.2-1.pgdg120+1) on x86_64-pc-linux-gnu, compiled by gcc (Debian 12.2.0-14) 12.2.0, 64-bit
2024-12-03 11:56:56.168 UTC [1] LOG:  listening on IPv4 address "0.0.0.0", port 5432
2024-12-03 11:56:56.168 UTC [1] LOG:  listening on IPv6 address "::", port 5432
2024-12-03 11:56:56.173 UTC [1] LOG:  listening on Unix socket "/var/run/postgresql/.s.PGSQL.5432"
2024-12-03 11:56:56.198 UTC [31] LOG:  database system was shut down at 2024-12-03 11:56:53 UTC
2024-12-03 11:56:56.236 UTC [1] LOG:  database system is ready to accept connections
2024-12-03 11:58:04.491 UTC [1] LOG:  starting PostgreSQL 17.2 (Debian 17.2-1.pgdg120+1) on x86_64-pc-linux-gnu, compiled by gcc (Debian 12.2.0-14) 12.2.0, 64-bit
2024-12-03 11:58:04.491 UTC [1] LOG:  listening on IPv4 address "0.0.0.0", port 5432
2024-12-03 11:58:04.491 UTC [1] LOG:  listening on IPv6 address "::", port 5432
2024-12-03 11:58:04.496 UTC [1] LOG:  listening on Unix socket "/var/run/postgresql/.s.PGSQL.5432"
2024-12-03 11:58:04.511 UTC [31] LOG:  database system was interrupted; last known up at 2024-12-03 11:57:22 UTC
2024-12-03 11:58:06.974 UTC [31] LOG:  starting backup recovery with redo LSN 0/2000028, checkpoint LSN 0/2000080, on timeline ID 1
2024-12-03 11:58:06.976 UTC [31] LOG:  entering standby mode
2024-12-03 11:58:06.988 UTC [31] LOG:  redo starts at 0/2000028
2024-12-03 11:58:06.991 UTC [31] LOG:  completed backup recovery with redo LSN 0/2000028 and end LSN 0/2000158
2024-12-03 11:58:06.991 UTC [31] LOG:  consistent recovery state reached at 0/2000158
2024-12-03 11:58:06.991 UTC [1] LOG:  database system is ready to accept read-only connections
2024-12-03 11:58:07.005 UTC [38] LOG:  started streaming WAL from primary at 0/3000000 on timeline 1
2024-12-03 12:00:33.928 UTC [1] LOG:  received fast shutdown request
2024-12-03 12:00:33.934 UTC [1] LOG:  aborting any active transactions
2024-12-03 12:00:33.934 UTC [38] FATAL:  terminating walreceiver process due to administrator command
2024-12-03 12:00:33.940 UTC [29] LOG:  shutting down
2024-12-03 12:00:33.954 UTC [1] LOG:  database system is shut down
2024-12-03 12:00:37.402 UTC [1] LOG:  starting PostgreSQL 17.2 (Debian 17.2-1.pgdg120+1) on x86_64-pc-linux-gnu, compiled by gcc (Debian 12.2.0-14) 12.2.0, 64-bit
2024-12-03 12:00:37.402 UTC [1] LOG:  listening on IPv4 address "0.0.0.0", port 5432
2024-12-03 12:00:37.402 UTC [1] LOG:  listening on IPv6 address "::", port 5432
2024-12-03 12:00:37.407 UTC [1] LOG:  listening on Unix socket "/var/run/postgresql/.s.PGSQL.5432"
2024-12-03 12:00:37.431 UTC [32] LOG:  database system was shut down in recovery at 2024-12-03 12:00:33 UTC
2024-12-03 12:00:37.440 UTC [32] LOG:  entering standby mode
2024-12-03 12:00:37.459 UTC [32] LOG:  redo starts at 0/2000028
2024-12-03 12:00:37.462 UTC [32] LOG:  consistent recovery state reached at 0/3000060
2024-12-03 12:00:37.462 UTC [32] LOG:  invalid record length at 0/3000060: expected at least 24, got 0
2024-12-03 12:00:37.462 UTC [1] LOG:  database system is ready to accept read-only connections
2024-12-03 12:00:37.478 UTC [33] LOG:  started streaming WAL from primary at 0/3000000 on timeline 1
2024-12-03 12:02:23.040 UTC [36] ERROR:  syntax error at or near "docker" at character 1
2024-12-03 12:02:23.040 UTC [36] STATEMENT:  docker exec -it postgre_master psql -U postgres -c "SELECT * FROM pg_stat_replication;"
2024-12-03 12:13:18.078 UTC [55] ERROR:  cannot execute CREATE DATABASE in a read-only transaction
2024-12-03 12:13:18.078 UTC [55] STATEMENT:  CREATE DATABASE "lol"
2024-12-03 12:23:51.895 UTC [1] LOG:  received fast shutdown request
2024-12-03 12:23:51.897 UTC [1] LOG:  aborting any active transactions
2024-12-03 12:23:51.900 UTC [33] FATAL:  terminating walreceiver process due to administrator command
2024-12-03 12:23:51.904 UTC [30] LOG:  shutting down
2024-12-03 12:23:51.955 UTC [1] LOG:  database system is shut down
2024-12-03 12:23:57.543 UTC [1] LOG:  starting PostgreSQL 17.2 (Debian 17.2-1.pgdg120+1) on x86_64-pc-linux-gnu, compiled by gcc (Debian 12.2.0-14) 12.2.0, 64-bit
2024-12-03 12:23:57.543 UTC [1] LOG:  listening on IPv4 address "0.0.0.0", port 5432
2024-12-03 12:23:57.543 UTC [1] LOG:  listening on IPv6 address "::", port 5432
2024-12-03 12:23:57.548 UTC [1] LOG:  listening on Unix socket "/var/run/postgresql/.s.PGSQL.5432"
2024-12-03 12:23:57.572 UTC [31] LOG:  database system was shut down in recovery at 2024-12-03 12:23:51 UTC
2024-12-03 12:23:57.582 UTC [31] LOG:  entering standby mode
2024-12-03 12:23:57.588 UTC [1] LOG:  starting PostgreSQL 17.2 (Debian 17.2-1.pgdg120+1) on x86_64-pc-linux-gnu, compiled by gcc (Debian 12.2.0-14) 12.2.0, 64-bit
2024-12-03 12:23:57.588 UTC [1] LOG:  listening on IPv4 address "0.0.0.0", port 5432
2024-12-03 12:23:57.589 UTC [1] LOG:  listening on IPv6 address "::", port 5432
2024-12-03 12:23:57.593 UTC [1] LOG:  listening on Unix socket "/var/run/postgresql/.s.PGSQL.5432"
2024-12-03 12:23:57.635 UTC [31] LOG:  redo starts at 0/3847928
2024-12-03 12:23:57.636 UTC [31] LOG:  consistent recovery state reached at 0/3847A68
2024-12-03 12:23:57.636 UTC [31] LOG:  invalid record length at 0/3847A68: expected at least 24, got 0
2024-12-03 12:23:57.637 UTC [1] LOG:  database system is ready to accept read-only connections
2024-12-03 12:23:57.643 UTC [32] LOG:  database system was shut down in recovery at 2024-12-03 12:23:51 UTC
2024-12-03 12:23:57.648 UTC [32] FATAL:  could not connect to the primary server: connection to server at "172.22.0.3", port 5432 failed: Connection refused
		Is the server running on that host and accepting TCP/IP connections?
2024-12-03 12:23:57.657 UTC [33] FATAL:  could not connect to the primary server: connection to server at "172.22.0.3", port 5432 failed: Connection refused
		Is the server running on that host and accepting TCP/IP connections?
2024-12-03 12:23:57.660 UTC [31] LOG:  waiting for WAL to become available at 0/3002000
2024-12-03 12:23:57.663 UTC [32] LOG:  entering standby mode
2024-12-03 12:23:57.672 UTC [32] LOG:  redo starts at 0/3847928
2024-12-03 12:23:57.672 UTC [32] LOG:  consistent recovery state reached at 0/3847A68
2024-12-03 12:23:57.672 UTC [32] LOG:  invalid record length at 0/3847A68: expected at least 24, got 0
2024-12-03 12:23:57.674 UTC [1] LOG:  database system is ready to accept read-only connections
2024-12-03 12:23:57.676 UTC [33] FATAL:  could not connect to the primary server: connection to server at "172.22.0.3", port 5432 failed: Connection refused
		Is the server running on that host and accepting TCP/IP connections?
2024-12-03 12:23:57.682 UTC [34] FATAL:  could not connect to the primary server: connection to server at "172.22.0.3", port 5432 failed: Connection refused
		Is the server running on that host and accepting TCP/IP connections?
2024-12-03 12:23:57.683 UTC [32] LOG:  waiting for WAL to become available at 0/3002000
2024-12-03 12:24:02.660 UTC [34] FATAL:  could not connect to the primary server: connection to server at "172.22.0.3", port 5432 failed: Connection refused
		Is the server running on that host and accepting TCP/IP connections?
2024-12-03 12:24:02.662 UTC [31] LOG:  waiting for WAL to become available at 0/3002000
2024-12-03 12:24:02.683 UTC [35] FATAL:  could not connect to the primary server: connection to server at "172.22.0.3", port 5432 failed: Connection refused
		Is the server running on that host and accepting TCP/IP connections?
2024-12-03 12:24:02.684 UTC [32] LOG:  waiting for WAL to become available at 0/3002000
2024-12-03 12:24:07.661 UTC [35] FATAL:  could not connect to the primary server: connection to server at "172.22.0.3", port 5432 failed: Connection refused
		Is the server running on that host and accepting TCP/IP connections?
2024-12-03 12:24:07.662 UTC [31] LOG:  waiting for WAL to become available at 0/3002000
2024-12-03 12:24:07.685 UTC [36] FATAL:  could not connect to the primary server: connection to server at "172.22.0.3", port 5432 failed: Connection refused
		Is the server running on that host and accepting TCP/IP connections?
2024-12-03 12:24:07.688 UTC [32] LOG:  waiting for WAL to become available at 0/3002000
2024-12-03 12:24:12.641 UTC [36] FATAL:  could not connect to the primary server: connection to server at "172.22.0.3", port 5432 failed: Connection refused
		Is the server running on that host and accepting TCP/IP connections?
2024-12-03 12:24:12.642 UTC [31] LOG:  waiting for WAL to become available at 0/3002000
2024-12-03 12:24:12.662 UTC [37] FATAL:  could not connect to the primary server: connection to server at "172.22.0.3", port 5432 failed: Connection refused
		Is the server running on that host and accepting TCP/IP connections?
2024-12-03 12:24:12.663 UTC [32] LOG:  waiting for WAL to become available at 0/3002000
2024-12-03 12:24:17.643 UTC [37] FATAL:  could not connect to the primary server: connection to server at "172.22.0.3", port 5432 failed: Connection refused
		Is the server running on that host and accepting TCP/IP connections?
2024-12-03 12:24:17.644 UTC [31] LOG:  waiting for WAL to become available at 0/3002000
2024-12-03 12:24:17.661 UTC [38] FATAL:  could not connect to the primary server: connection to server at "172.22.0.3", port 5432 failed: Connection refused
		Is the server running on that host and accepting TCP/IP connections?
2024-12-03 12:24:17.662 UTC [32] LOG:  waiting for WAL to become available at 0/3002000
2024-12-03 12:24:22.643 UTC [38] FATAL:  could not connect to the primary server: connection to server at "172.22.0.3", port 5432 failed: Connection refused
		Is the server running on that host and accepting TCP/IP connections?
2024-12-03 12:24:22.644 UTC [31] LOG:  waiting for WAL to become available at 0/3002000
2024-12-03 12:24:22.666 UTC [39] FATAL:  could not connect to the primary server: connection to server at "172.22.0.3", port 5432 failed: Connection refused
		Is the server running on that host and accepting TCP/IP connections?
2024-12-03 12:24:22.668 UTC [32] LOG:  waiting for WAL to become available at 0/3002000
2024-12-03 12:24:27.646 UTC [39] FATAL:  could not connect to the primary server: connection to server at "172.22.0.3", port 5432 failed: Connection refused
		Is the server running on that host and accepting TCP/IP connections?
2024-12-03 12:24:27.647 UTC [31] LOG:  waiting for WAL to become available at 0/3002000
2024-12-03 12:24:27.672 UTC [40] FATAL:  could not connect to the primary server: connection to server at "172.22.0.3", port 5432 failed: Connection refused
		Is the server running on that host and accepting TCP/IP connections?
2024-12-03 12:24:27.673 UTC [32] LOG:  waiting for WAL to become available at 0/3002000
2024-12-03 12:24:32.496 UTC [1] LOG:  received fast shutdown request
2024-12-03 12:24:32.497 UTC [1] LOG:  received fast shutdown request
2024-12-03 12:24:32.503 UTC [1] LOG:  aborting any active transactions
2024-12-03 12:24:32.504 UTC [1] LOG:  aborting any active transactions
2024-12-03 12:24:32.506 UTC [30] LOG:  shutting down
2024-12-03 12:24:32.514 UTC [29] LOG:  shutting down
2024-12-03 12:24:32.529 UTC [29] LOG:  could not rename temporary statistics file "pg_stat/pgstat.tmp" to "pg_stat/pgstat.stat": No such file or directory
2024-12-03 12:24:32.530 UTC [1] LOG:2024-12-03 12:24:32.536 UTC [1] LOG:  database system is shut down
2024-12-03 12:24:36.360 UTC [1] LOG:  starting PostgreSQL 17.2 (Debian 17.2-1.pgdg120+1) on x86_64-pc-linux-gnu, compiled by gcc (Debian 12.2.0-14) 12.2.0, 64-bit
2024-12-03 12:24:36.360 UTC [1] LOG:  listening on IPv4 address "0.0.0.0", port 5432
2024-12-03 12:24:36.360 UTC [1] LOG:  listening on IPv6 address "::", port 5432
2024-12-03 12:24:36.366 UTC [1] LOG:  listening on Unix socket "/var/run/postgresql/.s.PGSQL.5432"
2024-12-03 12:24:36.393 UTC [31] LOG:  database system was shut down in recovery at 2024-12-03 12:24:32 UTC
2024-12-03 12:24:36.403 UTC [31] LOG:  entering standby mode
2024-12-03 12:24:36.423 UTC [31] LOG:  redo starts at 0/3847928
2024-12-03 12:24:36.423 UTC [31] LOG:  consistent recovery state reached at 0/3847A68
2024-12-03 12:24:36.423 UTC [31] LOG:  invalid record length at 0/3847A68: expected at least 24, got 0
2024-12-03 12:24:36.426 UTC [1] LOG:  database system is ready to accept read-only connections
2024-12-03 12:24:36.437 UTC [32] LOG:  started streaming WAL from primary at 0/3000000 on timeline 1
2024-12-03 12:25:04.789 UTC [32] FATAL:  could not receive data from WAL stream: ERROR:  requested WAL segment 000000010000000000000003 has already been removed
2024-12-03 12:25:04.796 UTC [31] LOG:  unexpected pageaddr 0/2000000 in WAL segment 000000010000000000000004, LSN 0/4000000, offset 0
2024-12-03 12:25:04.796 UTC [31] LOG:  unexpected pageaddr 0/2000000 in WAL segment 000000010000000000000004, LSN 0/4000000, offset 0
2024-12-03 12:25:04.808 UTC [33] LOG:  started streaming WAL from primary at 0/4000000 on timeline 1
2024-12-03 12:25:29.287 UTC [1] LOG:  received fast shutdown request
2024-12-03 12:25:29.296 UTC [1] LOG:  aborting any active transactions
2024-12-03 12:25:29.296 UTC [33] FATAL:  terminating walreceiver process due to administrator command
2024-12-03 12:25:29.298 UTC [29] LOG:  shutting down
2024-12-03 12:25:29.354 UTC [1] LOG:  database system is shut down
2024-12-03 12:25:34.112 UTC [1] LOG:  starting PostgreSQL 17.2 (Debian 17.2-1.pgdg120+1) on x86_64-pc-linux-gnu, compiled by gcc (Debian 12.2.0-14) 12.2.0, 64-bit
2024-12-03 12:25:34.112 UTC [1] LOG:  listening on IPv4 address "0.0.0.0", port 5432
2024-12-03 12:25:34.112 UTC [1] LOG:  listening on IPv6 address "::", port 5432
2024-12-03 12:25:34.118 UTC [1] LOG:  listening on Unix socket "/var/run/postgresql/.s.PGSQL.5432"
2024-12-03 12:25:34.142 UTC [32] LOG:  database system was shut down in recovery at 2024-12-03 12:25:29 UTC
2024-12-03 12:25:34.151 UTC [32] LOG:  entering standby mode
2024-12-03 12:25:34.177 UTC [32] LOG:  redo starts at 0/4000028
2024-12-03 12:25:34.177 UTC [32] LOG:  consistent recovery state reached at 0/40000F8
2024-12-03 12:25:34.177 UTC [32] LOG:  record with incorrect prev-link 0/20000F8 at 0/4000130
2024-12-03 12:25:34.181 UTC [1] LOG:  database system is ready to accept read-only connections
2024-12-03 12:25:34.195 UTC [33] LOG:  started streaming WAL from primary at 0/4000000 on timeline 1
2024-12-03 12:26:06.541 UTC [1] LOG:  received fast shutdown request
2024-12-03 12:26:06.549 UTC [1] LOG:  aborting any active transactions
2024-12-03 12:26:06.549 UTC [33] FATAL:  terminating walreceiver process due to administrator command
2024-12-03 12:26:06.553 UTC [30] LOG:  shutting down
2024-12-03 12:26:06.591 UTC [1] LOG:  database system is shut down
2024-12-03 12:26:10.431 UTC [1] LOG:  starting PostgreSQL 17.2 (Debian 17.2-1.pgdg120+1) on x86_64-pc-linux-gnu, compiled by gcc (Debian 12.2.0-14) 12.2.0, 64-bit
2024-12-03 12:26:10.431 UTC [1] LOG:  listening on IPv4 address "0.0.0.0", port 5432
2024-12-03 12:26:10.431 UTC [1] LOG:  listening on IPv6 address "::", port 5432
2024-12-03 12:26:10.440 UTC [1] LOG:  listening on Unix socket "/var/run/postgresql/.s.PGSQL.5432"
2024-12-03 12:26:10.466 UTC [32] LOG:  database system was shut down in recovery at 2024-12-03 12:26:06 UTC
2024-12-03 12:26:10.482 UTC [32] LOG:  entering standby mode
2024-12-03 12:26:10.543 UTC [32] LOG:  consistent recovery state reached at 0/40001A8
2024-12-03 12:26:10.543 UTC [32] LOG:  redo starts at 0/40001A8
2024-12-03 12:26:10.543 UTC [32] LOG:  invalid record length at 0/40001E0: expected at least 24, got 0
2024-12-03 12:26:10.548 UTC [1] LOG:  database system is ready to accept read-only connections
2024-12-03 12:26:10.566 UTC [33] LOG:  started streaming WAL from primary at 0/4000000 on timeline 1
2024-12-03 12:33:26.217 UTC [33] FATAL:  could not receive data from WAL stream: ERROR:  requested WAL segment 000000010000000000000004 has already been removed
2024-12-03 12:33:26.220 UTC [32] LOG:  unexpected pageaddr 0/3000000 in WAL segment 000000010000000000000005, LSN 0/5000000, offset 0
2024-12-03 12:33:26.233 UTC [35] LOG:  started streaming WAL from primary at 0/5000000 on timeline 1
2024-12-03 12:34:21.642 UTC [1] LOG:  received fast shutdown request
2024-12-03 12:34:21.645 UTC [1] LOG:  aborting any active transactions
2024-12-03 12:34:21.647 UTC [35] FATAL:  terminating walreceiver process due to administrator command
2024-12-03 12:34:21.652 UTC [30] LOG:  shutting down
2024-12-03 12:34:21.714 UTC [1] LOG:  database system is shut down
2024-12-03 12:34:25.991 UTC [1] LOG:  starting PostgreSQL 17.2 (Debian 17.2-1.pgdg120+1) on x86_64-pc-linux-gnu, compiled by gcc (Debian 12.2.0-14) 12.2.0, 64-bit
2024-12-03 12:34:25.991 UTC [1] LOG:  listening on IPv4 address "0.0.0.0", port 5432
2024-12-03 12:34:25.991 UTC [1] LOG:  listening on IPv6 address "::", port 5432
2024-12-03 12:34:25.996 UTC [1] LOG:  listening on Unix socket "/var/run/postgresql/.s.PGSQL.5432"
2024-12-03 12:34:26.025 UTC [31] LOG:  database system was shut down in recovery at 2024-12-03 12:34:21 UTC
2024-12-03 12:34:26.041 UTC [31] LOG:  entering standby mode
2024-12-03 12:34:26.122 UTC [31] LOG:  redo starts at 0/5000028
2024-12-03 12:34:26.125 UTC [31] LOG:  consistent recovery state reached at 0/50000F8
2024-12-03 12:34:26.125 UTC [31] LOG:  invalid record length at 0/6000060: expected at least 24, got 0
2024-12-03 12:34:26.125 UTC [1] LOG:  database system is ready to accept read-only connections
2024-12-03 12:34:26.155 UTC [32] LOG:  started streaming WAL from primary at 0/6000000 on timeline 1
